<?xml version="1.0" encoding="UTF-8"?>
<testng-results total="1" passed="1" failed="0" skipped="0">
  <reporter-output>
  </reporter-output>
  <suite started-at="2021-07-20T07:39:55Z" name="Default suite" finished-at="2021-07-20T07:40:16Z" duration-ms="20275">
    <groups>
    </groups>
    <test started-at="2021-07-20T07:39:55Z" name="Default test" finished-at="2021-07-20T07:40:16Z" duration-ms="20275">
      <class name="BanistmoTestPKG.BanistmoTestPage">
        <test-method signature="BanistmoPage()[pri:0, instance:BanistmoTestPKG.BanistmoTestPage@39d9314d]" started-at="2021-07-20T02:39:55Z" name="BanistmoPage" finished-at="2021-07-20T02:40:15Z" duration-ms="20254" status="PASS">
          <reporter-output>
          </reporter-output>
        </test-method> <!-- BanistmoPage -->
      </class> <!-- BanistmoTestPKG.BanistmoTestPage -->
    </test> <!-- Default test -->
  </suite> <!-- Default suite -->
</testng-results>
